\BOOKMARK [0][]{cover.0}{Cover}{}% 1
\BOOKMARK [0][]{titulo.0}{Face Page}{}% 2
\BOOKMARK [0][]{cip.0}{Cataloging-in-Publication}{}% 3
\BOOKMARK [0][]{aprovacao.0}{Thesis Committee Composition:}{}% 4
\BOOKMARK [0][]{dedication.0}{Dedication}{}% 5
\BOOKMARK [0][]{acknowledgment.0}{Acknowledgments}{}% 6
\BOOKMARK [0][]{epigrafe.0}{Epigraph}{}% 7
\BOOKMARK [0][]{resumo.0}{Resumo}{}% 8
\BOOKMARK [0][]{abstract.0}{Abstract}{}% 9
\BOOKMARK [0][]{listafiguras.0}{List of Figures}{}% 10
\BOOKMARK [0][]{listatabelas.0}{List of Tables}{}% 11
\BOOKMARK [0][]{listaabreviaturas.0}{List of Abbreviations and Acronyms}{}% 12
\BOOKMARK [0][]{listasimbolos.0}{List of Symbols}{}% 13
\BOOKMARK [0][]{contents.0}{Contents}{}% 14
\BOOKMARK [0][]{chapter.1}{1 Introduction}{}% 15
\BOOKMARK [1][]{section.1.1}{1.1 Motivation}{chapter.1}% 16
\BOOKMARK [1][]{section.1.2}{1.2 Contextualization}{chapter.1}% 17
\BOOKMARK [1][]{section.1.3}{1.3 Objective}{chapter.1}% 18
\BOOKMARK [1][]{section.1.4}{1.4 Scope}{chapter.1}% 19
\BOOKMARK [1][]{section.1.5}{1.5 Organization of this work}{chapter.1}% 20
\BOOKMARK [0][]{chapter.2}{2 Background and Literature Review}{}% 21
\BOOKMARK [1][]{section.2.1}{2.1 The RoboCup Soccer 3D Simulation League}{chapter.2}% 22
\BOOKMARK [2][]{subsection.2.1.1}{2.1.1 Domain Description}{section.2.1}% 23
\BOOKMARK [2][]{subsection.2.1.2}{2.1.2 \040Kick Motion }{section.2.1}% 24
\BOOKMARK [2][]{subsection.2.1.3}{2.1.3 Keyframe Movements}{section.2.1}% 25
\BOOKMARK [2][]{subsection.2.1.4}{2.1.4 Optimization Techniques}{section.2.1}% 26
\BOOKMARK [1][]{section.2.2}{2.2 Reinforcement Learning for Control}{chapter.2}% 27
\BOOKMARK [0][]{chapter.3}{3 Deep Learning}{}% 28
\BOOKMARK [1][]{section.3.1}{3.1 Neural Networks}{chapter.3}% 29
\BOOKMARK [2][]{subsection.3.1.1}{3.1.1 A Neuron}{section.3.1}% 30
\BOOKMARK [2][]{subsection.3.1.2}{3.1.2 Neural Network Representation}{section.3.1}% 31
\BOOKMARK [2][]{subsection.3.1.3}{3.1.3 Vectorization}{section.3.1}% 32
\BOOKMARK [1][]{section.3.2}{3.2 Activation Functions}{chapter.3}% 33
\BOOKMARK [2][]{subsection.3.2.1}{3.2.1 Logistic Sigmoid}{section.3.2}% 34
\BOOKMARK [2][]{subsection.3.2.2}{3.2.2 Hyperbolic Tangent}{section.3.2}% 35
\BOOKMARK [2][]{subsection.3.2.3}{3.2.3 Rectified Linear Unit - ReLU}{section.3.2}% 36
\BOOKMARK [2][]{subsection.3.2.4}{3.2.4 Leaky ReLU}{section.3.2}% 37
\BOOKMARK [1][]{section.3.3}{3.3 Cost Function}{chapter.3}% 38
\BOOKMARK [1][]{section.3.4}{3.4 Gradient Descent}{chapter.3}% 39
\BOOKMARK [1][]{section.3.5}{3.5 Backpropagation}{chapter.3}% 40
\BOOKMARK [1][]{section.3.6}{3.6 Optimization Algorithms}{chapter.3}% 41
\BOOKMARK [2][]{subsection.3.6.1}{3.6.1 Batch, Mini-batch and Stochastic Gradient Descent}{section.3.6}% 42
\BOOKMARK [2][]{subsection.3.6.2}{3.6.2 Momentum}{section.3.6}% 43
\BOOKMARK [2][]{subsection.3.6.3}{3.6.3 RMSProp}{section.3.6}% 44
\BOOKMARK [2][]{subsection.3.6.4}{3.6.4 Adam}{section.3.6}% 45
\BOOKMARK [1][]{section.3.7}{3.7 Weights Random Initialization}{chapter.3}% 46
\BOOKMARK [2][]{subsection.3.7.1}{3.7.1 Xavier Initialization}{section.3.7}% 47
\BOOKMARK [1][]{section.3.8}{3.8 Gradient Descent convergence and learning rate decay}{chapter.3}% 48
\BOOKMARK [0][]{chapter.4}{4 Reinforcement Learning}{}% 49
\BOOKMARK [1][]{section.4.1}{4.1 Concepts of a Reinforcement Learning System}{chapter.4}% 50
\BOOKMARK [1][]{section.4.2}{4.2 Reinforcement Learning System}{chapter.4}% 51
\BOOKMARK [2][]{subsection.4.2.1}{4.2.1 Reward}{section.4.2}% 52
\BOOKMARK [2][]{subsection.4.2.2}{4.2.2 State}{section.4.2}% 53
\BOOKMARK [2][]{subsection.4.2.3}{4.2.3 Policy}{section.4.2}% 54
\BOOKMARK [2][]{subsection.4.2.4}{4.2.4 Value Function}{section.4.2}% 55
\BOOKMARK [2][]{subsection.4.2.5}{4.2.5 Model}{section.4.2}% 56
\BOOKMARK [1][]{section.4.3}{4.3 Markov Decision Process}{chapter.4}% 57
\BOOKMARK [2][]{subsection.4.3.1}{4.3.1 Markov State}{section.4.3}% 58
\BOOKMARK [2][]{subsection.4.3.2}{4.3.2 State Transition Matrix}{section.4.3}% 59
\BOOKMARK [2][]{subsection.4.3.3}{4.3.3 Markov Decision Process}{section.4.3}% 60
\BOOKMARK [2][]{subsection.4.3.4}{4.3.4 State-Value and Action-Value Function}{section.4.3}% 61
\BOOKMARK [1][]{section.4.4}{4.4 Bellman Equation}{chapter.4}% 62
\BOOKMARK [2][]{subsection.4.4.1}{4.4.1 Bellman Expectation Equation}{section.4.4}% 63
\BOOKMARK [2][]{subsection.4.4.2}{4.4.2 Bellman Optimality Equation}{section.4.4}% 64
\BOOKMARK [1][]{section.4.5}{4.5 Exact Solution Methods}{chapter.4}% 65
\BOOKMARK [2][]{subsection.4.5.1}{4.5.1 Policy Iteration}{section.4.5}% 66
\BOOKMARK [2][]{subsection.4.5.2}{4.5.2 Value Iteration}{section.4.5}% 67
\BOOKMARK [2][]{subsection.4.5.3}{4.5.3 Limitations of Exact Solution Methods}{section.4.5}% 68
\BOOKMARK [1][]{section.4.6}{4.6 Policy Gradient Methods}{chapter.4}% 69
\BOOKMARK [2][]{subsection.4.6.1}{4.6.1 Policy Gradient Theorem}{section.4.6}% 70
\BOOKMARK [2][]{subsection.4.6.2}{4.6.2 Actor-Critic Models}{section.4.6}% 71
\BOOKMARK [2][]{subsection.4.6.3}{4.6.3 Advantage Function and GAE Algorithm}{section.4.6}% 72
\BOOKMARK [1][]{section.4.7}{4.7 Advanced Policy Gradient Methods}{chapter.4}% 73
\BOOKMARK [2][]{subsection.4.7.1}{4.7.1 Optimization Loss}{section.4.7}% 74
\BOOKMARK [2][]{subsection.4.7.2}{4.7.2 Trust Region Policy Optimization \205 TRPO}{section.4.7}% 75
\BOOKMARK [2][]{subsection.4.7.3}{4.7.3 Proximal Policy Optimization \205 PPO}{section.4.7}% 76
\BOOKMARK [0][]{chapter.5}{5 Methodology}{}% 77
\BOOKMARK [1][]{section.5.1}{5.1 The Kick Motion Problem}{chapter.5}% 78
\BOOKMARK [1][]{section.5.2}{5.2 Experimentation Setup}{chapter.5}% 79
\BOOKMARK [2][]{subsection.5.2.1}{5.2.1 Reinforcement with Naive Reward - RNR }{section.5.2}% 80
\BOOKMARK [2][]{subsection.5.2.2}{5.2.2 Reinforcement with Reference Reward - RRR }{section.5.2}% 81
\BOOKMARK [2][]{subsection.5.2.3}{5.2.3 Reinforcement with Initial State Distribution - RISD}{section.5.2}% 82
\BOOKMARK [2][]{subsection.5.2.4}{5.2.4 Reinforcement with Early Termination - RET}{section.5.2}% 83
\BOOKMARK [2][]{subsection.5.2.5}{5.2.5 Hybrid Learning Model \205 HLM}{section.5.2}% 84
\BOOKMARK [1][]{section.5.3}{5.3 Supervised Learning Setup}{chapter.5}% 85
\BOOKMARK [2][]{subsection.5.3.1}{5.3.1 The Dataset}{section.5.3}% 86
\BOOKMARK [2][]{subsection.5.3.2}{5.3.2 Neural Network Architecture and Hyperparameters}{section.5.3}% 87
\BOOKMARK [2][]{subsection.5.3.3}{5.3.3 The Training Procedure}{section.5.3}% 88
\BOOKMARK [2][]{subsection.5.3.4}{5.3.4 The Deployment in the Soccer 3D Environment}{section.5.3}% 89
\BOOKMARK [1][]{section.5.4}{5.4 Reinforcement Learning Setup}{chapter.5}% 90
\BOOKMARK [2][]{subsection.5.4.1}{5.4.1 Policy Representation}{section.5.4}% 91
\BOOKMARK [2][]{subsection.5.4.2}{5.4.2 Task Description}{section.5.4}% 92
\BOOKMARK [1][]{section.5.5}{5.5 Infrastructure}{chapter.5}% 93
\BOOKMARK [2][]{subsection.5.5.1}{5.5.1 Reinforcement Learning Server}{section.5.5}% 94
\BOOKMARK [2][]{subsection.5.5.2}{5.5.2 Neural Network Deployment}{section.5.5}% 95
\BOOKMARK [2][]{subsection.5.5.3}{5.5.3 Distributed Training}{section.5.5}% 96
\BOOKMARK [2][]{subsection.5.5.4}{5.5.4 Metrics}{section.5.5}% 97
\BOOKMARK [2][]{subsection.5.5.5}{5.5.5 Monitoring via Tensorboard}{section.5.5}% 98
\BOOKMARK [0][]{chapter.6}{6 Results and Discussions}{}% 99
\BOOKMARK [1][]{section.6.1}{6.1 Distributed Training}{chapter.6}% 100
\BOOKMARK [1][]{section.6.2}{6.2 Pure Reinforcement Learning Methods Results}{chapter.6}% 101
\BOOKMARK [2][]{subsection.6.2.1}{6.2.1 RNR}{section.6.2}% 102
\BOOKMARK [2][]{subsection.6.2.2}{6.2.2 RRR}{section.6.2}% 103
\BOOKMARK [2][]{subsection.6.2.3}{6.2.3 RNR+RRR}{section.6.2}% 104
\BOOKMARK [2][]{subsection.6.2.4}{6.2.4 RNR+RRR+RISD}{section.6.2}% 105
\BOOKMARK [2][]{subsection.6.2.5}{6.2.5 Reinforcement ``Supervised"}{section.6.2}% 106
\BOOKMARK [2][]{subsection.6.2.6}{6.2.6 Other ideas for pure RL techniques}{section.6.2}% 107
\BOOKMARK [1][]{section.6.3}{6.3 Hybrid Learning Models}{chapter.6}% 108
\BOOKMARK [2][]{subsection.6.3.1}{6.3.1 Supervised Learning Results}{section.6.3}% 109
\BOOKMARK [2][]{subsection.6.3.2}{6.3.2 HLM+RNR}{section.6.3}% 110
\BOOKMARK [2][]{subsection.6.3.3}{6.3.3 Final Model: HLM+RNR+RET}{section.6.3}% 111
\BOOKMARK [2][]{subsection.6.3.4}{6.3.4 Kick Behavior: Numerical Results}{section.6.3}% 112
\BOOKMARK [0][]{chapter.7}{7 Conclusions, Recommendations, and Future Works}{}% 113
\BOOKMARK [1][]{section.7.1}{7.1 Conclusions}{chapter.7}% 114
\BOOKMARK [1][]{section.7.2}{7.2 Future Work}{chapter.7}% 115
\BOOKMARK [0][]{chapter.8}{Bibliography}{}% 116
\BOOKMARK [0][]{appendix.A}{A Hyperparameters}{}% 117
\BOOKMARK [0][]{bla.0}{Folha de Registro do Documento}{}% 118
